<?xml version="1.0" encoding="UTF-8"?>
<!-- Generated by org.testng.reporters.JUnitXMLReporter -->
<testsuite ignored="0" hostname="DESKTOP-SP7DDNA" failures="1" tests="4" name="StandAloNeTest" time="46.071" errors="0" timestamp="2025-03-03T20:15:38 IST">
  <testcase classname="keerthanaAutomation.StandAloneTest" name="placeOrder" time="6.003"/>
  <testcase classname="keerthanaAutomation.StandAloneTest" name="placeOrder" time="17.054"/>
  <testcase classname="keerthanaAutomation.StandAloneTest" name="orderDisplayed" time="1.044"/>
  <testcase classname="keerthanaAutomation.StandAloneTest" name="orderDisplayed" time="1.81">
    <failure type="java.lang.AssertionError" message="expected [true] but found [false]">
      <![CDATA[java.lang.AssertionError: expected [true] but found [false]
at keerthanaAutomation.StandAloneTest.orderDisplayed(StandAloneTest.java:66)
at java.base/java.util.ArrayList.forEach(ArrayList.java:1596)
at java.base/java.util.concurrent.FutureTask.run(FutureTask.java:317)
at java.base/java.util.concurrent.ThreadPoolExecutor.runWorker(ThreadPoolExecutor.java:1144)
at java.base/java.util.concurrent.ThreadPoolExecutor$Worker.run(ThreadPoolExecutor.java:642)
at java.base/java.lang.Thread.run(Thread.java:1583)
... Removed 19 stack frames]]>
    </failure>
  </testcase> <!-- orderDisplayed -->
</testsuite> <!-- StandAloNeTest -->
