<?xml version="1.0" encoding="UTF-8"?>
<!-- Generated by org.testng.reporters.JUnitXMLReporter -->
<testsuite ignored="0" hostname="DESKTOP-SP7DDNA" failures="1" tests="7" name="Test" time="91.438" errors="0" timestamp="2025-03-06T12:25:39 IST">
  <testcase classname="keerthanaAutomation.ErrorValidationTest" name="errorValidation" time="0.779"/>
  <testcase classname="keerthanaAutomation.ErrorValidationTest" name="productErrorValidation" time="14.058"/>
  <testcase classname="keerthanaAutomation.ErrorValidationTest" name="productErrorValidation" time="14.417"/>
  <testcase classname="keerthanaAutomation.StandAloneTest" name="placeOrder" time="15.373"/>
  <testcase classname="keerthanaAutomation.StandAloneTest" name="placeOrder" time="15.46"/>
  <testcase classname="keerthanaAutomation.StandAloneTest" name="orderDisplayed" time="1.284"/>
  <testcase classname="keerthanaAutomation.StandAloneTest" name="orderDisplayed" time="3.198">
    <failure type="java.lang.AssertionError">
      <![CDATA[java.lang.AssertionError: 
at keerthanaAutomation.StandAloneTest.orderDisplayed(StandAloneTest.java:70)
at java.base/java.util.ArrayList.forEach(ArrayList.java:1596)
... Removed 32 stack frames]]>
    </failure>
  </testcase> <!-- orderDisplayed -->
</testsuite> <!-- Test -->
